Analysis & Synthesis report for TopDE
Sun Jun 22 10:09:24 2025
Quartus Prime Version 18.1.0 Build 625 09/12/2018 SJ Lite Edition


---------------------
; Table of Contents ;
---------------------
  1. Legal Notice
  2. Analysis & Synthesis Summary
  3. Analysis & Synthesis Settings
  4. Parallel Compilation
  5. Analysis & Synthesis Source Files Read
  6. Analysis & Synthesis Resource Usage Summary
  7. Analysis & Synthesis Resource Utilization by Entity
  8. Analysis & Synthesis RAM Summary
  9. Analysis & Synthesis IP Cores Summary
 10. State Machine - |TopDE|Multiciclo:MULT1|ControlMulticiclo:ctrl|estadoReg
 11. Registers Removed During Synthesis
 12. General Register Statistics
 13. Inverted Register Statistics
 14. Multiplexer Restructuring Statistics (Restructuring Performed)
 15. Source assignments for Multiciclo:MULT1|ramU:MemU|altsyncram:altsyncram_component|altsyncram_9ri1:auto_generated
 16. Parameter Settings for User Entity Instance: Multiciclo:MULT1|ramU:MemU|altsyncram:altsyncram_component
 17. Parameter Settings for User Entity Instance: Multiciclo:MULT1|Registers:banco
 18. altsyncram Parameter Settings by Entity Instance
 19. Port Connectivity Checks: "Multiciclo:MULT1|ControlMulticiclo:ctrl"
 20. Post-Synthesis Netlist Statistics for Top Partition
 21. Elapsed Time Per Partition
 22. Analysis & Synthesis Messages
 23. Analysis & Synthesis Suppressed Messages



----------------
; Legal Notice ;
----------------
Copyright (C) 2018  Intel Corporation. All rights reserved.
Your use of Intel Corporation's design tools, logic functions 
and other software and tools, and its AMPP partner logic 
functions, and any output files from any of the foregoing 
(including device programming or simulation files), and any 
associated documentation or information are expressly subject 
to the terms and conditions of the Intel Program License 
Subscription Agreement, the Intel Quartus Prime License Agreement,
the Intel FPGA IP License Agreement, or other applicable license
agreement, including, without limitation, that your use is for
the sole purpose of programming logic devices manufactured by
Intel and sold by Intel or its authorized distributors.  Please
refer to the applicable agreement for further details.



+----------------------------------------------------------------------------------+
; Analysis & Synthesis Summary                                                     ;
+------------------------------------+---------------------------------------------+
; Analysis & Synthesis Status        ; Successful - Sun Jun 22 10:09:24 2025       ;
; Quartus Prime Version              ; 18.1.0 Build 625 09/12/2018 SJ Lite Edition ;
; Revision Name                      ; TopDE                                       ;
; Top-level Entity Name              ; TopDE                                       ;
; Family                             ; Cyclone IV E                                ;
; Total logic elements               ; 3,535                                       ;
;     Total combinational functions  ; 2,517                                       ;
;     Dedicated logic registers      ; 1,222                                       ;
; Total registers                    ; 1222                                        ;
; Total pins                         ; 108                                         ;
; Total virtual pins                 ; 0                                           ;
; Total memory bits                  ; 65,536                                      ;
; Embedded Multiplier 9-bit elements ; 0                                           ;
; Total PLLs                         ; 0                                           ;
+------------------------------------+---------------------------------------------+


+------------------------------------------------------------------------------------------------------------+
; Analysis & Synthesis Settings                                                                              ;
+------------------------------------------------------------------+--------------------+--------------------+
; Option                                                           ; Setting            ; Default Value      ;
+------------------------------------------------------------------+--------------------+--------------------+
; Device                                                           ; EP4CE115F29C7      ;                    ;
; Top-level entity name                                            ; TopDE              ; TopDE              ;
; Family name                                                      ; Cyclone IV E       ; Cyclone V          ;
; Verilog Show LMF Mapping Messages                                ; Off                ;                    ;
; Verilog Version                                                  ; SystemVerilog_2005 ; Verilog_2001       ;
; Use smart compilation                                            ; Off                ; Off                ;
; Enable parallel Assembler and Timing Analyzer during compilation ; On                 ; On                 ;
; Enable compact report table                                      ; Off                ; Off                ;
; Restructure Multiplexers                                         ; Auto               ; Auto               ;
; Create Debugging Nodes for IP Cores                              ; Off                ; Off                ;
; Preserve fewer node names                                        ; On                 ; On                 ;
; Intel FPGA IP Evaluation Mode                                    ; Enable             ; Enable             ;
; VHDL Version                                                     ; VHDL_1993          ; VHDL_1993          ;
; State Machine Processing                                         ; Auto               ; Auto               ;
; Safe State Machine                                               ; Off                ; Off                ;
; Extract Verilog State Machines                                   ; On                 ; On                 ;
; Extract VHDL State Machines                                      ; On                 ; On                 ;
; Ignore Verilog initial constructs                                ; Off                ; Off                ;
; Iteration limit for constant Verilog loops                       ; 5000               ; 5000               ;
; Iteration limit for non-constant Verilog loops                   ; 250                ; 250                ;
; Add Pass-Through Logic to Inferred RAMs                          ; On                 ; On                 ;
; Infer RAMs from Raw Logic                                        ; On                 ; On                 ;
; Parallel Synthesis                                               ; On                 ; On                 ;
; DSP Block Balancing                                              ; Auto               ; Auto               ;
; NOT Gate Push-Back                                               ; On                 ; On                 ;
; Power-Up Don't Care                                              ; On                 ; On                 ;
; Remove Redundant Logic Cells                                     ; Off                ; Off                ;
; Remove Duplicate Registers                                       ; On                 ; On                 ;
; Ignore CARRY Buffers                                             ; Off                ; Off                ;
; Ignore CASCADE Buffers                                           ; Off                ; Off                ;
; Ignore GLOBAL Buffers                                            ; Off                ; Off                ;
; Ignore ROW GLOBAL Buffers                                        ; Off                ; Off                ;
; Ignore LCELL Buffers                                             ; Off                ; Off                ;
; Ignore SOFT Buffers                                              ; On                 ; On                 ;
; Limit AHDL Integers to 32 Bits                                   ; Off                ; Off                ;
; Optimization Technique                                           ; Balanced           ; Balanced           ;
; Carry Chain Length                                               ; 70                 ; 70                 ;
; Auto Carry Chains                                                ; On                 ; On                 ;
; Auto Open-Drain Pins                                             ; On                 ; On                 ;
; Perform WYSIWYG Primitive Resynthesis                            ; Off                ; Off                ;
; Auto ROM Replacement                                             ; On                 ; On                 ;
; Auto RAM Replacement                                             ; On                 ; On                 ;
; Auto DSP Block Replacement                                       ; On                 ; On                 ;
; Auto Shift Register Replacement                                  ; Auto               ; Auto               ;
; Allow Shift Register Merging across Hierarchies                  ; Auto               ; Auto               ;
; Auto Clock Enable Replacement                                    ; On                 ; On                 ;
; Strict RAM Replacement                                           ; Off                ; Off                ;
; Allow Synchronous Control Signals                                ; On                 ; On                 ;
; Force Use of Synchronous Clear Signals                           ; Off                ; Off                ;
; Auto RAM Block Balancing                                         ; On                 ; On                 ;
; Auto RAM to Logic Cell Conversion                                ; Off                ; Off                ;
; Auto Resource Sharing                                            ; Off                ; Off                ;
; Allow Any RAM Size For Recognition                               ; Off                ; Off                ;
; Allow Any ROM Size For Recognition                               ; Off                ; Off                ;
; Allow Any Shift Register Size For Recognition                    ; Off                ; Off                ;
; Use LogicLock Constraints during Resource Balancing              ; On                 ; On                 ;
; Ignore translate_off and synthesis_off directives                ; Off                ; Off                ;
; Timing-Driven Synthesis                                          ; On                 ; On                 ;
; Report Parameter Settings                                        ; On                 ; On                 ;
; Report Source Assignments                                        ; On                 ; On                 ;
; Report Connectivity Checks                                       ; On                 ; On                 ;
; Ignore Maximum Fan-Out Assignments                               ; Off                ; Off                ;
; Synchronization Register Chain Length                            ; 2                  ; 2                  ;
; Power Optimization During Synthesis                              ; Normal compilation ; Normal compilation ;
; HDL message level                                                ; Level2             ; Level2             ;
; Suppress Register Optimization Related Messages                  ; Off                ; Off                ;
; Number of Removed Registers Reported in Synthesis Report         ; 5000               ; 5000               ;
; Number of Swept Nodes Reported in Synthesis Report               ; 5000               ; 5000               ;
; Number of Inverted Registers Reported in Synthesis Report        ; 100                ; 100                ;
; Clock MUX Protection                                             ; On                 ; On                 ;
; Auto Gated Clock Conversion                                      ; Off                ; Off                ;
; Block Design Naming                                              ; Auto               ; Auto               ;
; SDC constraint protection                                        ; Off                ; Off                ;
; Synthesis Effort                                                 ; Auto               ; Auto               ;
; Shift Register Replacement - Allow Asynchronous Clear Signal     ; On                 ; On                 ;
; Pre-Mapping Resynthesis Optimization                             ; Off                ; Off                ;
; Analysis & Synthesis Message Level                               ; Medium             ; Medium             ;
; Disable Register Merging Across Hierarchies                      ; Auto               ; Auto               ;
; Resource Aware Inference For Block RAM                           ; On                 ; On                 ;
+------------------------------------------------------------------+--------------------+--------------------+


+------------------------------------------+
; Parallel Compilation                     ;
+----------------------------+-------------+
; Processors                 ; Number      ;
+----------------------------+-------------+
; Number detected on machine ; 12          ;
; Maximum allowed            ; 12          ;
;                            ;             ;
; Average used               ; 1.01        ;
; Maximum used               ; 12          ;
;                            ;             ;
; Usage by Processor         ; % Time Used ;
;     Processor 1            ; 100.0%      ;
;     Processor 2            ;   0.1%      ;
;     Processor 3            ;   0.1%      ;
;     Processor 4            ;   0.1%      ;
;     Processor 5            ;   0.1%      ;
;     Processor 6            ;   0.1%      ;
;     Processor 7            ;   0.1%      ;
;     Processor 8            ;   0.1%      ;
;     Processor 9            ;   0.0%      ;
;     Processors 10-12       ;   0.0%      ;
+----------------------------+-------------+


+-------------------------------------------------------------------------------------------------------------------------------------------------------------------------------------------------------------------------------+
; Analysis & Synthesis Source Files Read                                                                                                                                                                                        ;
+--------------------------------------------------------------+-----------------+----------------------------------------+-------------------------------------------------------------------------------------------+---------+
; File Name with User-Entered Path                             ; Used in Netlist ; File Type                              ; File Name with Absolute Path                                                              ; Library ;
+--------------------------------------------------------------+-----------------+----------------------------------------+-------------------------------------------------------------------------------------------+---------+
; ALUControl.v                                                 ; yes             ; User Verilog HDL File                  ; C:/Users/Evelyn/Downloads/GrupoD8_Lab3/GrupoD8_Lab3/TopDE_restored/ALUControl.v           ;         ;
; TopDE.v                                                      ; yes             ; User Verilog HDL File                  ; C:/Users/Evelyn/Downloads/GrupoD8_Lab3/GrupoD8_Lab3/TopDE_restored/TopDE.v                ;         ;
; Parametros.v                                                 ; yes             ; User Verilog HDL File                  ; C:/Users/Evelyn/Downloads/GrupoD8_Lab3/GrupoD8_Lab3/TopDE_restored/Parametros.v           ;         ;
; Multiciclo.v                                                 ; yes             ; User Verilog HDL File                  ; C:/Users/Evelyn/Downloads/GrupoD8_Lab3/GrupoD8_Lab3/TopDE_restored/Multiciclo.v           ;         ;
; ALU.v                                                        ; yes             ; User Verilog HDL File                  ; C:/Users/Evelyn/Downloads/GrupoD8_Lab3/GrupoD8_Lab3/TopDE_restored/ALU.v                  ;         ;
; Registers.v                                                  ; yes             ; User Verilog HDL File                  ; C:/Users/Evelyn/Downloads/GrupoD8_Lab3/GrupoD8_Lab3/TopDE_restored/Registers.v            ;         ;
; ImmGen.v                                                     ; yes             ; User Verilog HDL File                  ; C:/Users/Evelyn/Downloads/GrupoD8_Lab3/GrupoD8_Lab3/TopDE_restored/ImmGen.v               ;         ;
; ControlMulticiclo.v                                          ; yes             ; User Verilog HDL File                  ; C:/Users/Evelyn/Downloads/GrupoD8_Lab3/GrupoD8_Lab3/TopDE_restored/ControlMulticiclo.v    ;         ;
; ramU.v                                                       ; yes             ; User Wizard-Generated File             ; C:/Users/Evelyn/Downloads/GrupoD8_Lab3/GrupoD8_Lab3/TopDE_restored/ramU.v                 ;         ;
; altsyncram.tdf                                               ; yes             ; Megafunction                           ; c:/intelfpga_lite/18.1/quartus/libraries/megafunctions/altsyncram.tdf                     ;         ;
; stratix_ram_block.inc                                        ; yes             ; Megafunction                           ; c:/intelfpga_lite/18.1/quartus/libraries/megafunctions/stratix_ram_block.inc              ;         ;
; lpm_mux.inc                                                  ; yes             ; Megafunction                           ; c:/intelfpga_lite/18.1/quartus/libraries/megafunctions/lpm_mux.inc                        ;         ;
; lpm_decode.inc                                               ; yes             ; Megafunction                           ; c:/intelfpga_lite/18.1/quartus/libraries/megafunctions/lpm_decode.inc                     ;         ;
; aglobal181.inc                                               ; yes             ; Megafunction                           ; c:/intelfpga_lite/18.1/quartus/libraries/megafunctions/aglobal181.inc                     ;         ;
; a_rdenreg.inc                                                ; yes             ; Megafunction                           ; c:/intelfpga_lite/18.1/quartus/libraries/megafunctions/a_rdenreg.inc                      ;         ;
; altrom.inc                                                   ; yes             ; Megafunction                           ; c:/intelfpga_lite/18.1/quartus/libraries/megafunctions/altrom.inc                         ;         ;
; altram.inc                                                   ; yes             ; Megafunction                           ; c:/intelfpga_lite/18.1/quartus/libraries/megafunctions/altram.inc                         ;         ;
; altdpram.inc                                                 ; yes             ; Megafunction                           ; c:/intelfpga_lite/18.1/quartus/libraries/megafunctions/altdpram.inc                       ;         ;
; db/altsyncram_9ri1.tdf                                       ; yes             ; Auto-Generated Megafunction            ; C:/Users/Evelyn/Downloads/GrupoD8_Lab3/GrupoD8_Lab3/TopDE_restored/db/altsyncram_9ri1.tdf ;         ;
; /users/evelyn/documents/uni/oac/grupod8_lab3/de1_unified.mif ; yes             ; Auto-Found Memory Initialization File  ; /users/evelyn/documents/uni/oac/grupod8_lab3/de1_unified.mif                              ;         ;
+--------------------------------------------------------------+-----------------+----------------------------------------+-------------------------------------------------------------------------------------------+---------+


+-------------------------------------------------------------+
; Analysis & Synthesis Resource Usage Summary                 ;
+---------------------------------------------+---------------+
; Resource                                    ; Usage         ;
+---------------------------------------------+---------------+
; Estimated Total logic elements              ; 3,535         ;
;                                             ;               ;
; Total combinational functions               ; 2517          ;
; Logic element usage by number of LUT inputs ;               ;
;     -- 4 input functions                    ; 2083          ;
;     -- 3 input functions                    ; 359           ;
;     -- <=2 input functions                  ; 75            ;
;                                             ;               ;
; Logic elements by mode                      ;               ;
;     -- normal mode                          ; 2395          ;
;     -- arithmetic mode                      ; 122           ;
;                                             ;               ;
; Total registers                             ; 1222          ;
;     -- Dedicated logic registers            ; 1222          ;
;     -- I/O registers                        ; 0             ;
;                                             ;               ;
; I/O pins                                    ; 108           ;
; Total memory bits                           ; 65536         ;
;                                             ;               ;
; Embedded Multiplier 9-bit elements          ; 0             ;
;                                             ;               ;
; Maximum fan-out node                        ; ClockDIV~reg0 ;
; Maximum fan-out                             ; 1220          ;
; Total fan-out                               ; 15011         ;
; Average fan-out                             ; 3.76          ;
+---------------------------------------------+---------------+


+---------------------------------------------------------------------------------------------------------------------------------------------------------------------------------------------------------------------------------------------------------------------------------------------------------------+
; Analysis & Synthesis Resource Utilization by Entity                                                                                                                                                                                                                                                           ;
+----------------------------------------------+---------------------+---------------------------+-------------+--------------+---------+-----------+------+--------------+--------------------------------------------------------------------------------------------------+-------------------+--------------+
; Compilation Hierarchy Node                   ; Combinational ALUTs ; Dedicated Logic Registers ; Memory Bits ; DSP Elements ; DSP 9x9 ; DSP 18x18 ; Pins ; Virtual Pins ; Full Hierarchy Name                                                                              ; Entity Name       ; Library Name ;
+----------------------------------------------+---------------------+---------------------------+-------------+--------------+---------+-----------+------+--------------+--------------------------------------------------------------------------------------------------+-------------------+--------------+
; |TopDE                                       ; 2517 (2)            ; 1222 (3)                  ; 65536       ; 0            ; 0       ; 0         ; 108  ; 0            ; |TopDE                                                                                           ; TopDE             ; work         ;
;    |Multiciclo:MULT1|                        ; 2515 (119)          ; 1219 (213)                ; 65536       ; 0            ; 0       ; 0         ; 0    ; 0            ; |TopDE|Multiciclo:MULT1                                                                          ; Multiciclo        ; work         ;
;       |ALU:alu|                              ; 210 (210)           ; 0 (0)                     ; 0           ; 0            ; 0       ; 0         ; 0    ; 0            ; |TopDE|Multiciclo:MULT1|ALU:alu                                                                  ; ALU               ; work         ;
;       |ALUControl:aluCtrl|                   ; 13 (13)             ; 0 (0)                     ; 0           ; 0            ; 0       ; 0         ; 0    ; 0            ; |TopDE|Multiciclo:MULT1|ALUControl:aluCtrl                                                       ; ALUControl        ; work         ;
;       |ControlMulticiclo:ctrl|               ; 38 (38)             ; 14 (14)                   ; 0           ; 0            ; 0       ; 0         ; 0    ; 0            ; |TopDE|Multiciclo:MULT1|ControlMulticiclo:ctrl                                                   ; ControlMulticiclo ; work         ;
;       |ImmGen:gerador|                       ; 54 (54)             ; 0 (0)                     ; 0           ; 0            ; 0       ; 0         ; 0    ; 0            ; |TopDE|Multiciclo:MULT1|ImmGen:gerador                                                           ; ImmGen            ; work         ;
;       |Registers:banco|                      ; 2081 (2081)         ; 992 (992)                 ; 0           ; 0            ; 0       ; 0         ; 0    ; 0            ; |TopDE|Multiciclo:MULT1|Registers:banco                                                          ; Registers         ; work         ;
;       |ramU:MemU|                            ; 0 (0)               ; 0 (0)                     ; 65536       ; 0            ; 0       ; 0         ; 0    ; 0            ; |TopDE|Multiciclo:MULT1|ramU:MemU                                                                ; ramU              ; work         ;
;          |altsyncram:altsyncram_component|   ; 0 (0)               ; 0 (0)                     ; 65536       ; 0            ; 0       ; 0         ; 0    ; 0            ; |TopDE|Multiciclo:MULT1|ramU:MemU|altsyncram:altsyncram_component                                ; altsyncram        ; work         ;
;             |altsyncram_9ri1:auto_generated| ; 0 (0)               ; 0 (0)                     ; 65536       ; 0            ; 0       ; 0         ; 0    ; 0            ; |TopDE|Multiciclo:MULT1|ramU:MemU|altsyncram:altsyncram_component|altsyncram_9ri1:auto_generated ; altsyncram_9ri1   ; work         ;
+----------------------------------------------+---------------------+---------------------------+-------------+--------------+---------+-----------+------+--------------+--------------------------------------------------------------------------------------------------+-------------------+--------------+
Note: For table entries with two numbers listed, the numbers in parentheses indicate the number of resources of the given type used by the specific entity alone. The numbers listed outside of parentheses indicate the total resources of the given type used by the specific entity and all of its sub-entities in the hierarchy.


+--------------------------------------------------------------------------------------------------------------------------------------------------------------------------------------------------------------------+
; Analysis & Synthesis RAM Summary                                                                                                                                                                                   ;
+------------------------------------------------------------------------------------------------------+------+-------------+--------------+--------------+--------------+--------------+-------+--------------------+
; Name                                                                                                 ; Type ; Mode        ; Port A Depth ; Port A Width ; Port B Depth ; Port B Width ; Size  ; MIF                ;
+------------------------------------------------------------------------------------------------------+------+-------------+--------------+--------------+--------------+--------------+-------+--------------------+
; Multiciclo:MULT1|ramU:MemU|altsyncram:altsyncram_component|altsyncram_9ri1:auto_generated|ALTSYNCRAM ; AUTO ; Single Port ; 2048         ; 32           ; --           ; --           ; 65536 ; ../de1_unified.mif ;
+------------------------------------------------------------------------------------------------------+------+-------------+--------------+--------------+--------------+--------------+-------+--------------------+


+---------------------------------------------------------------------------------------------------------------------+
; Analysis & Synthesis IP Cores Summary                                                                               ;
+--------+--------------+---------+--------------+--------------+-----------------------------------+-----------------+
; Vendor ; IP Core Name ; Version ; Release Date ; License Type ; Entity Instance                   ; IP Include File ;
+--------+--------------+---------+--------------+--------------+-----------------------------------+-----------------+
; Altera ; RAM: 1-PORT  ; 18.1    ; N/A          ; N/A          ; |TopDE|Multiciclo:MULT1|ramU:MemU ; ramU.v          ;
+--------+--------------+---------+--------------+--------------+-----------------------------------+-----------------+


Encoding Type:  One-Hot
+--------------------------------------------------------------------------------------------------------------------------------------------------------------------------------------------------------------------------------------------------------------------------------------------------------------------------+
; State Machine - |TopDE|Multiciclo:MULT1|ControlMulticiclo:ctrl|estadoReg                                                                                                                                                                                                                                                 ;
+----------------------------+-------------------+-------------------+---------------------+--------------+----------------------------+-----------------------+---------------------+---------------------+-----------------------+----------------+----------------+--------------+-------------------+------------------+
; Name                       ; estadoReg.JALR_EX ; estadoReg.JUMP_EX ; estadoReg.BRANCH_EX ; estadoReg.WB ; estadoReg.MEM_WRITE_FINISH ; estadoReg.MEM_READ_WB ; estadoReg.WAIT_MEM2 ; estadoReg.WAIT_MEM1 ; estadoReg.EX_MEM_ADDR ; estadoReg.EX_I ; estadoReg.EX_R ; estadoReg.ID ; estadoReg.WAIT_IF ; estadoReg.IFETCH ;
+----------------------------+-------------------+-------------------+---------------------+--------------+----------------------------+-----------------------+---------------------+---------------------+-----------------------+----------------+----------------+--------------+-------------------+------------------+
; estadoReg.IFETCH           ; 0                 ; 0                 ; 0                   ; 0            ; 0                          ; 0                     ; 0                   ; 0                   ; 0                     ; 0              ; 0              ; 0            ; 0                 ; 0                ;
; estadoReg.WAIT_IF          ; 0                 ; 0                 ; 0                   ; 0            ; 0                          ; 0                     ; 0                   ; 0                   ; 0                     ; 0              ; 0              ; 0            ; 1                 ; 1                ;
; estadoReg.ID               ; 0                 ; 0                 ; 0                   ; 0            ; 0                          ; 0                     ; 0                   ; 0                   ; 0                     ; 0              ; 0              ; 1            ; 0                 ; 1                ;
; estadoReg.EX_R             ; 0                 ; 0                 ; 0                   ; 0            ; 0                          ; 0                     ; 0                   ; 0                   ; 0                     ; 0              ; 1              ; 0            ; 0                 ; 1                ;
; estadoReg.EX_I             ; 0                 ; 0                 ; 0                   ; 0            ; 0                          ; 0                     ; 0                   ; 0                   ; 0                     ; 1              ; 0              ; 0            ; 0                 ; 1                ;
; estadoReg.EX_MEM_ADDR      ; 0                 ; 0                 ; 0                   ; 0            ; 0                          ; 0                     ; 0                   ; 0                   ; 1                     ; 0              ; 0              ; 0            ; 0                 ; 1                ;
; estadoReg.WAIT_MEM1        ; 0                 ; 0                 ; 0                   ; 0            ; 0                          ; 0                     ; 0                   ; 1                   ; 0                     ; 0              ; 0              ; 0            ; 0                 ; 1                ;
; estadoReg.WAIT_MEM2        ; 0                 ; 0                 ; 0                   ; 0            ; 0                          ; 0                     ; 1                   ; 0                   ; 0                     ; 0              ; 0              ; 0            ; 0                 ; 1                ;
; estadoReg.MEM_READ_WB      ; 0                 ; 0                 ; 0                   ; 0            ; 0                          ; 1                     ; 0                   ; 0                   ; 0                     ; 0              ; 0              ; 0            ; 0                 ; 1                ;
; estadoReg.MEM_WRITE_FINISH ; 0                 ; 0                 ; 0                   ; 0            ; 1                          ; 0                     ; 0                   ; 0                   ; 0                     ; 0              ; 0              ; 0            ; 0                 ; 1                ;
; estadoReg.WB               ; 0                 ; 0                 ; 0                   ; 1            ; 0                          ; 0                     ; 0                   ; 0                   ; 0                     ; 0              ; 0              ; 0            ; 0                 ; 1                ;
; estadoReg.BRANCH_EX        ; 0                 ; 0                 ; 1                   ; 0            ; 0                          ; 0                     ; 0                   ; 0                   ; 0                     ; 0              ; 0              ; 0            ; 0                 ; 1                ;
; estadoReg.JUMP_EX          ; 0                 ; 1                 ; 0                   ; 0            ; 0                          ; 0                     ; 0                   ; 0                   ; 0                     ; 0              ; 0              ; 0            ; 0                 ; 1                ;
; estadoReg.JALR_EX          ; 1                 ; 0                 ; 0                   ; 0            ; 0                          ; 0                     ; 0                   ; 0                   ; 0                     ; 0              ; 0              ; 0            ; 0                 ; 1                ;
+----------------------------+-------------------+-------------------+---------------------+--------------+----------------------------+-----------------------+---------------------+---------------------+-----------------------+----------------+----------------+--------------+-------------------+------------------+


+------------------------------------------------------------------------------------------------------------------+
; Registers Removed During Synthesis                                                                               ;
+-----------------------------------------------------+------------------------------------------------------------+
; Register name                                       ; Reason for Removal                                         ;
+-----------------------------------------------------+------------------------------------------------------------+
; Multiciclo:MULT1|SignExtendedImmediate_Reg[21..31]  ; Merged with Multiciclo:MULT1|SignExtendedImmediate_Reg[20] ;
; Multiciclo:MULT1|Registers:banco|registers[0][0]    ; Stuck at GND due to stuck port clock_enable                ;
; Multiciclo:MULT1|Registers:banco|registers[0][1]    ; Stuck at GND due to stuck port clock_enable                ;
; Multiciclo:MULT1|Registers:banco|registers[0][2]    ; Stuck at GND due to stuck port clock_enable                ;
; Multiciclo:MULT1|Registers:banco|registers[0][3]    ; Stuck at GND due to stuck port clock_enable                ;
; Multiciclo:MULT1|Registers:banco|registers[0][4]    ; Stuck at GND due to stuck port clock_enable                ;
; Multiciclo:MULT1|Registers:banco|registers[0][5]    ; Stuck at GND due to stuck port clock_enable                ;
; Multiciclo:MULT1|Registers:banco|registers[0][6]    ; Stuck at GND due to stuck port clock_enable                ;
; Multiciclo:MULT1|Registers:banco|registers[0][7]    ; Stuck at GND due to stuck port clock_enable                ;
; Multiciclo:MULT1|Registers:banco|registers[0][8]    ; Stuck at GND due to stuck port clock_enable                ;
; Multiciclo:MULT1|Registers:banco|registers[0][9]    ; Stuck at GND due to stuck port clock_enable                ;
; Multiciclo:MULT1|Registers:banco|registers[0][10]   ; Stuck at GND due to stuck port clock_enable                ;
; Multiciclo:MULT1|Registers:banco|registers[0][11]   ; Stuck at GND due to stuck port clock_enable                ;
; Multiciclo:MULT1|Registers:banco|registers[0][12]   ; Stuck at GND due to stuck port clock_enable                ;
; Multiciclo:MULT1|Registers:banco|registers[0][13]   ; Stuck at GND due to stuck port clock_enable                ;
; Multiciclo:MULT1|Registers:banco|registers[0][14]   ; Stuck at GND due to stuck port clock_enable                ;
; Multiciclo:MULT1|Registers:banco|registers[0][15]   ; Stuck at GND due to stuck port clock_enable                ;
; Multiciclo:MULT1|Registers:banco|registers[0][16]   ; Stuck at GND due to stuck port clock_enable                ;
; Multiciclo:MULT1|Registers:banco|registers[0][17]   ; Stuck at GND due to stuck port clock_enable                ;
; Multiciclo:MULT1|Registers:banco|registers[0][18]   ; Stuck at GND due to stuck port clock_enable                ;
; Multiciclo:MULT1|Registers:banco|registers[0][19]   ; Stuck at GND due to stuck port clock_enable                ;
; Multiciclo:MULT1|Registers:banco|registers[0][20]   ; Stuck at GND due to stuck port clock_enable                ;
; Multiciclo:MULT1|Registers:banco|registers[0][21]   ; Stuck at GND due to stuck port clock_enable                ;
; Multiciclo:MULT1|Registers:banco|registers[0][22]   ; Stuck at GND due to stuck port clock_enable                ;
; Multiciclo:MULT1|Registers:banco|registers[0][23]   ; Stuck at GND due to stuck port clock_enable                ;
; Multiciclo:MULT1|Registers:banco|registers[0][24]   ; Stuck at GND due to stuck port clock_enable                ;
; Multiciclo:MULT1|Registers:banco|registers[0][25]   ; Stuck at GND due to stuck port clock_enable                ;
; Multiciclo:MULT1|Registers:banco|registers[0][26]   ; Stuck at GND due to stuck port clock_enable                ;
; Multiciclo:MULT1|Registers:banco|registers[0][27]   ; Stuck at GND due to stuck port clock_enable                ;
; Multiciclo:MULT1|Registers:banco|registers[0][28]   ; Stuck at GND due to stuck port clock_enable                ;
; Multiciclo:MULT1|Registers:banco|registers[0][29]   ; Stuck at GND due to stuck port clock_enable                ;
; Multiciclo:MULT1|Registers:banco|registers[0][30]   ; Stuck at GND due to stuck port clock_enable                ;
; Multiciclo:MULT1|Registers:banco|registers[0][31]   ; Stuck at GND due to stuck port clock_enable                ;
; Multiciclo:MULT1|ControlMulticiclo:ctrl|estadoReg~4 ; Lost fanout                                                ;
; Multiciclo:MULT1|ControlMulticiclo:ctrl|estadoReg~5 ; Lost fanout                                                ;
; Multiciclo:MULT1|ControlMulticiclo:ctrl|estadoReg~6 ; Lost fanout                                                ;
; Multiciclo:MULT1|ControlMulticiclo:ctrl|estadoReg~7 ; Lost fanout                                                ;
; Total Number of Removed Registers = 47              ;                                                            ;
+-----------------------------------------------------+------------------------------------------------------------+


+------------------------------------------------------+
; General Register Statistics                          ;
+----------------------------------------------+-------+
; Statistic                                    ; Value ;
+----------------------------------------------+-------+
; Total registers                              ; 1222  ;
; Number of registers using Synchronous Clear  ; 0     ;
; Number of registers using Synchronous Load   ; 30    ;
; Number of registers using Asynchronous Clear ; 1219  ;
; Number of registers using Asynchronous Load  ; 0     ;
; Number of registers using Clock Enable       ; 1056  ;
; Number of registers using Preset             ; 0     ;
+----------------------------------------------+-------+


+-------------------------------------------------------------+
; Inverted Register Statistics                                ;
+---------------------------------------------------+---------+
; Inverted Register                                 ; Fan out ;
+---------------------------------------------------+---------+
; Multiciclo:MULT1|PC[22]                           ; 2       ;
; Multiciclo:MULT1|Registers:banco|registers[2][2]  ; 3       ;
; Multiciclo:MULT1|Registers:banco|registers[2][3]  ; 3       ;
; Multiciclo:MULT1|Registers:banco|registers[2][4]  ; 3       ;
; Multiciclo:MULT1|Registers:banco|registers[2][5]  ; 3       ;
; Multiciclo:MULT1|Registers:banco|registers[2][6]  ; 3       ;
; Multiciclo:MULT1|Registers:banco|registers[2][7]  ; 3       ;
; Multiciclo:MULT1|Registers:banco|registers[2][8]  ; 3       ;
; Multiciclo:MULT1|Registers:banco|registers[2][9]  ; 3       ;
; Multiciclo:MULT1|Registers:banco|registers[3][16] ; 3       ;
; Multiciclo:MULT1|Registers:banco|registers[2][16] ; 3       ;
; Multiciclo:MULT1|Registers:banco|registers[3][28] ; 3       ;
; Multiciclo:MULT1|Registers:banco|registers[2][28] ; 3       ;
; Total number of inverted registers = 13           ;         ;
+---------------------------------------------------+---------+


+---------------------------------------------------------------------------------------------------------------------------------------------------------------------+
; Multiplexer Restructuring Statistics (Restructuring Performed)                                                                                                      ;
+--------------------+-----------+---------------+----------------------+------------------------+------------+-------------------------------------------------------+
; Multiplexer Inputs ; Bus Width ; Baseline Area ; Area if Restructured ; Saving if Restructured ; Registered ; Example Multiplexer Output                            ;
+--------------------+-----------+---------------+----------------------+------------------------+------------+-------------------------------------------------------+
; 16:1               ; 31 bits   ; 310 LEs       ; 93 LEs               ; 217 LEs                ; Yes        ; |TopDE|Multiciclo:MULT1|ALUResult_Reg[26]             ;
; 32:1               ; 32 bits   ; 672 LEs       ; 672 LEs              ; 0 LEs                  ; Yes        ; |TopDE|Multiciclo:MULT1|ReadData1_Reg[28]             ;
; 32:1               ; 32 bits   ; 672 LEs       ; 672 LEs              ; 0 LEs                  ; Yes        ; |TopDE|Multiciclo:MULT1|ReadData2_Reg[2]              ;
; 128:1              ; 4 bits    ; 340 LEs       ; 8 LEs                ; 332 LEs                ; Yes        ; |TopDE|Multiciclo:MULT1|SignExtendedImmediate_Reg[3]  ;
; 8:1                ; 8 bits    ; 40 LEs        ; 32 LEs               ; 8 LEs                  ; Yes        ; |TopDE|Multiciclo:MULT1|SignExtendedImmediate_Reg[19] ;
; 3:1                ; 2 bits    ; 4 LEs         ; 2 LEs                ; 2 LEs                  ; No         ; |TopDE|Multiciclo:MULT1|ImmGen:gerador|Selector13     ;
; 6:1                ; 2 bits    ; 8 LEs         ; 8 LEs                ; 0 LEs                  ; No         ; |TopDE|Multiciclo:MULT1|ALUControl:aluCtrl|Mux7       ;
; 32:1               ; 32 bits   ; 672 LEs       ; 672 LEs              ; 0 LEs                  ; No         ; |TopDE|Multiciclo:MULT1|Registers:banco|Mux90         ;
+--------------------+-----------+---------------+----------------------+------------------------+------------+-------------------------------------------------------+


+------------------------------------------------------------------------------------------------------------------+
; Source assignments for Multiciclo:MULT1|ramU:MemU|altsyncram:altsyncram_component|altsyncram_9ri1:auto_generated ;
+---------------------------------+--------------------+------+----------------------------------------------------+
; Assignment                      ; Value              ; From ; To                                                 ;
+---------------------------------+--------------------+------+----------------------------------------------------+
; OPTIMIZE_POWER_DURING_SYNTHESIS ; NORMAL_COMPILATION ; -    ; -                                                  ;
+---------------------------------+--------------------+------+----------------------------------------------------+


+---------------------------------------------------------------------------------------------------------+
; Parameter Settings for User Entity Instance: Multiciclo:MULT1|ramU:MemU|altsyncram:altsyncram_component ;
+------------------------------------+----------------------+---------------------------------------------+
; Parameter Name                     ; Value                ; Type                                        ;
+------------------------------------+----------------------+---------------------------------------------+
; BYTE_SIZE_BLOCK                    ; 8                    ; Untyped                                     ;
; AUTO_CARRY_CHAINS                  ; ON                   ; AUTO_CARRY                                  ;
; IGNORE_CARRY_BUFFERS               ; OFF                  ; IGNORE_CARRY                                ;
; AUTO_CASCADE_CHAINS                ; ON                   ; AUTO_CASCADE                                ;
; IGNORE_CASCADE_BUFFERS             ; OFF                  ; IGNORE_CASCADE                              ;
; WIDTH_BYTEENA                      ; 1                    ; Untyped                                     ;
; OPERATION_MODE                     ; SINGLE_PORT          ; Untyped                                     ;
; WIDTH_A                            ; 32                   ; Signed Integer                              ;
; WIDTHAD_A                          ; 11                   ; Signed Integer                              ;
; NUMWORDS_A                         ; 2048                 ; Signed Integer                              ;
; OUTDATA_REG_A                      ; CLOCK0               ; Untyped                                     ;
; ADDRESS_ACLR_A                     ; NONE                 ; Untyped                                     ;
; OUTDATA_ACLR_A                     ; NONE                 ; Untyped                                     ;
; WRCONTROL_ACLR_A                   ; NONE                 ; Untyped                                     ;
; INDATA_ACLR_A                      ; NONE                 ; Untyped                                     ;
; BYTEENA_ACLR_A                     ; NONE                 ; Untyped                                     ;
; WIDTH_B                            ; 1                    ; Untyped                                     ;
; WIDTHAD_B                          ; 1                    ; Untyped                                     ;
; NUMWORDS_B                         ; 1                    ; Untyped                                     ;
; INDATA_REG_B                       ; CLOCK1               ; Untyped                                     ;
; WRCONTROL_WRADDRESS_REG_B          ; CLOCK1               ; Untyped                                     ;
; RDCONTROL_REG_B                    ; CLOCK1               ; Untyped                                     ;
; ADDRESS_REG_B                      ; CLOCK1               ; Untyped                                     ;
; OUTDATA_REG_B                      ; UNREGISTERED         ; Untyped                                     ;
; BYTEENA_REG_B                      ; CLOCK1               ; Untyped                                     ;
; INDATA_ACLR_B                      ; NONE                 ; Untyped                                     ;
; WRCONTROL_ACLR_B                   ; NONE                 ; Untyped                                     ;
; ADDRESS_ACLR_B                     ; NONE                 ; Untyped                                     ;
; OUTDATA_ACLR_B                     ; NONE                 ; Untyped                                     ;
; RDCONTROL_ACLR_B                   ; NONE                 ; Untyped                                     ;
; BYTEENA_ACLR_B                     ; NONE                 ; Untyped                                     ;
; WIDTH_BYTEENA_A                    ; 1                    ; Signed Integer                              ;
; WIDTH_BYTEENA_B                    ; 1                    ; Untyped                                     ;
; RAM_BLOCK_TYPE                     ; AUTO                 ; Untyped                                     ;
; BYTE_SIZE                          ; 8                    ; Untyped                                     ;
; READ_DURING_WRITE_MODE_MIXED_PORTS ; DONT_CARE            ; Untyped                                     ;
; READ_DURING_WRITE_MODE_PORT_A      ; NEW_DATA_NO_NBE_READ ; Untyped                                     ;
; READ_DURING_WRITE_MODE_PORT_B      ; NEW_DATA_NO_NBE_READ ; Untyped                                     ;
; INIT_FILE                          ; ../de1_unified.mif   ; Untyped                                     ;
; INIT_FILE_LAYOUT                   ; PORT_A               ; Untyped                                     ;
; MAXIMUM_DEPTH                      ; 0                    ; Untyped                                     ;
; CLOCK_ENABLE_INPUT_A               ; BYPASS               ; Untyped                                     ;
; CLOCK_ENABLE_INPUT_B               ; NORMAL               ; Untyped                                     ;
; CLOCK_ENABLE_OUTPUT_A              ; BYPASS               ; Untyped                                     ;
; CLOCK_ENABLE_OUTPUT_B              ; NORMAL               ; Untyped                                     ;
; CLOCK_ENABLE_CORE_A                ; USE_INPUT_CLKEN      ; Untyped                                     ;
; CLOCK_ENABLE_CORE_B                ; USE_INPUT_CLKEN      ; Untyped                                     ;
; ENABLE_ECC                         ; FALSE                ; Untyped                                     ;
; ECC_PIPELINE_STAGE_ENABLED         ; FALSE                ; Untyped                                     ;
; WIDTH_ECCSTATUS                    ; 3                    ; Untyped                                     ;
; DEVICE_FAMILY                      ; Cyclone IV E         ; Untyped                                     ;
; CBXI_PARAMETER                     ; altsyncram_9ri1      ; Untyped                                     ;
+------------------------------------+----------------------+---------------------------------------------+
Note: In order to hide this table in the UI and the text report file, please set the "Show Parameter Settings in Synthesis Report" option in "Analysis and Synthesis Settings -> More Settings" to "Off".


+-------------------------------------------------------------------------------+
; Parameter Settings for User Entity Instance: Multiciclo:MULT1|Registers:banco ;
+----------------+-------+------------------------------------------------------+
; Parameter Name ; Value ; Type                                                 ;
+----------------+-------+------------------------------------------------------+
; SPR            ; 00010 ; Unsigned Binary                                      ;
; GPR            ; 00011 ; Unsigned Binary                                      ;
+----------------+-------+------------------------------------------------------+
Note: In order to hide this table in the UI and the text report file, please set the "Show Parameter Settings in Synthesis Report" option in "Analysis and Synthesis Settings -> More Settings" to "Off".


+--------------------------------------------------------------------------------------------------------+
; altsyncram Parameter Settings by Entity Instance                                                       ;
+-------------------------------------------+------------------------------------------------------------+
; Name                                      ; Value                                                      ;
+-------------------------------------------+------------------------------------------------------------+
; Number of entity instances                ; 1                                                          ;
; Entity Instance                           ; Multiciclo:MULT1|ramU:MemU|altsyncram:altsyncram_component ;
;     -- OPERATION_MODE                     ; SINGLE_PORT                                                ;
;     -- WIDTH_A                            ; 32                                                         ;
;     -- NUMWORDS_A                         ; 2048                                                       ;
;     -- OUTDATA_REG_A                      ; CLOCK0                                                     ;
;     -- WIDTH_B                            ; 1                                                          ;
;     -- NUMWORDS_B                         ; 1                                                          ;
;     -- ADDRESS_REG_B                      ; CLOCK1                                                     ;
;     -- OUTDATA_REG_B                      ; UNREGISTERED                                               ;
;     -- RAM_BLOCK_TYPE                     ; AUTO                                                       ;
;     -- READ_DURING_WRITE_MODE_MIXED_PORTS ; DONT_CARE                                                  ;
+-------------------------------------------+------------------------------------------------------------+


+-------------------------------------------------------------------------------------------------------------------------+
; Port Connectivity Checks: "Multiciclo:MULT1|ControlMulticiclo:ctrl"                                                     ;
+---------------+--------+----------+-------------------------------------------------------------------------------------+
; Port          ; Type   ; Severity ; Details                                                                             ;
+---------------+--------+----------+-------------------------------------------------------------------------------------+
; proximoEstado ; Output ; Info     ; Explicitly unconnected                                                              ;
; Jump          ; Output ; Info     ; Connected to dangling logic. Logic that only feeds a dangling port will be removed. ;
; Jalr          ; Output ; Info     ; Connected to dangling logic. Logic that only feeds a dangling port will be removed. ;
+---------------+--------+----------+-------------------------------------------------------------------------------------+


+-----------------------------------------------------+
; Post-Synthesis Netlist Statistics for Top Partition ;
+-----------------------+-----------------------------+
; Type                  ; Count                       ;
+-----------------------+-----------------------------+
; boundary_port         ; 108                         ;
; cycloneiii_ff         ; 1222                        ;
;     CLR               ; 163                         ;
;     ENA CLR           ; 1026                        ;
;     ENA CLR SLD       ; 30                          ;
;     plain             ; 3                           ;
; cycloneiii_lcell_comb ; 2519                        ;
;     arith             ; 122                         ;
;         2 data inputs ; 29                          ;
;         3 data inputs ; 93                          ;
;     normal            ; 2397                        ;
;         1 data inputs ; 18                          ;
;         2 data inputs ; 30                          ;
;         3 data inputs ; 266                         ;
;         4 data inputs ; 2083                        ;
; cycloneiii_ram_block  ; 32                          ;
;                       ;                             ;
; Max LUT depth         ; 8.10                        ;
; Average LUT depth     ; 4.58                        ;
+-----------------------+-----------------------------+


+-------------------------------+
; Elapsed Time Per Partition    ;
+----------------+--------------+
; Partition Name ; Elapsed Time ;
+----------------+--------------+
; Top            ; 00:00:03     ;
+----------------+--------------+


+-------------------------------+
; Analysis & Synthesis Messages ;
+-------------------------------+
Info: *******************************************************************
Info: Running Quartus Prime Analysis & Synthesis
    Info: Version 18.1.0 Build 625 09/12/2018 SJ Lite Edition
    Info: Processing started: Sun Jun 22 10:09:11 2025
Info: Command: quartus_map --read_settings_files=on --write_settings_files=off TopDE -c TopDE
Warning (18236): Number of processors has not been specified which may cause overloading on shared machines.  Set the global assignment NUM_PARALLEL_PROCESSORS in your QSF to an appropriate value for best performance.
Info (20030): Parallel compilation is enabled and will use 12 of the 12 processors detected
Info (12021): Found 1 design units, including 1 entities, in source file controlunit.v
    Info (12023): Found entity 1: ControlUnit File: C:/Users/Evelyn/Downloads/GrupoD8_Lab3/GrupoD8_Lab3/TopDE_restored/ControlUnit.v Line: 1
Info (12021): Found 1 design units, including 1 entities, in source file alucontrol.v
    Info (12023): Found entity 1: ALUControl File: C:/Users/Evelyn/Downloads/GrupoD8_Lab3/GrupoD8_Lab3/TopDE_restored/ALUControl.v Line: 1
Info (12021): Found 1 design units, including 1 entities, in source file topde.v
    Info (12023): Found entity 1: TopDE File: C:/Users/Evelyn/Downloads/GrupoD8_Lab3/GrupoD8_Lab3/TopDE_restored/TopDE.v Line: 5
Info (12021): Found 0 design units, including 0 entities, in source file parametros.v
Info (12021): Found 1 design units, including 1 entities, in source file uniciclo.v
    Info (12023): Found entity 1: Uniciclo File: C:/Users/Evelyn/Downloads/GrupoD8_Lab3/GrupoD8_Lab3/TopDE_restored/Uniciclo.v Line: 5
Info (12021): Found 1 design units, including 1 entities, in source file multiciclo.v
    Info (12023): Found entity 1: Multiciclo File: C:/Users/Evelyn/Downloads/GrupoD8_Lab3/GrupoD8_Lab3/TopDE_restored/Multiciclo.v Line: 5
Info (12021): Found 1 design units, including 1 entities, in source file pipeline.v
    Info (12023): Found entity 1: Pipeline File: C:/Users/Evelyn/Downloads/GrupoD8_Lab3/GrupoD8_Lab3/TopDE_restored/Pipeline.v Line: 5
Info (12021): Found 1 design units, including 1 entities, in source file alu.v
    Info (12023): Found entity 1: ALU File: C:/Users/Evelyn/Downloads/GrupoD8_Lab3/GrupoD8_Lab3/TopDE_restored/ALU.v Line: 9
Info (12021): Found 1 design units, including 1 entities, in source file registers.v
    Info (12023): Found entity 1: Registers File: C:/Users/Evelyn/Downloads/GrupoD8_Lab3/GrupoD8_Lab3/TopDE_restored/Registers.v Line: 5
Info (12021): Found 1 design units, including 1 entities, in source file immgen.v
    Info (12023): Found entity 1: ImmGen File: C:/Users/Evelyn/Downloads/GrupoD8_Lab3/GrupoD8_Lab3/TopDE_restored/ImmGen.v Line: 7
Info (12021): Found 1 design units, including 1 entities, in source file rami.v
    Info (12023): Found entity 1: ramI File: C:/Users/Evelyn/Downloads/GrupoD8_Lab3/GrupoD8_Lab3/TopDE_restored/ramI.v Line: 40
Info (12021): Found 1 design units, including 1 entities, in source file ramd.v
    Info (12023): Found entity 1: ramD File: C:/Users/Evelyn/Downloads/GrupoD8_Lab3/GrupoD8_Lab3/TopDE_restored/ramD.v Line: 40
Info (12021): Found 1 design units, including 1 entities, in source file controlmulticiclo.v
    Info (12023): Found entity 1: ControlMulticiclo File: C:/Users/Evelyn/Downloads/GrupoD8_Lab3/GrupoD8_Lab3/TopDE_restored/ControlMulticiclo.v Line: 6
Info (12021): Found 1 design units, including 1 entities, in source file ramu.v
    Info (12023): Found entity 1: ramU File: C:/Users/Evelyn/Downloads/GrupoD8_Lab3/GrupoD8_Lab3/TopDE_restored/ramU.v Line: 39
Warning (10236): Verilog HDL Implicit Net warning at Uniciclo.v(95): created implicit net for "EscreveMem" File: C:/Users/Evelyn/Downloads/GrupoD8_Lab3/GrupoD8_Lab3/TopDE_restored/Uniciclo.v Line: 95
Warning (10236): Verilog HDL Implicit Net warning at Uniciclo.v(96): created implicit net for "LeMem" File: C:/Users/Evelyn/Downloads/GrupoD8_Lab3/GrupoD8_Lab3/TopDE_restored/Uniciclo.v Line: 96
Info (12127): Elaborating entity "TopDE" for the top level hierarchy
Info (12128): Elaborating entity "Multiciclo" for hierarchy "Multiciclo:MULT1" File: C:/Users/Evelyn/Downloads/GrupoD8_Lab3/GrupoD8_Lab3/TopDE_restored/TopDE.v Line: 32
Info (12128): Elaborating entity "ControlMulticiclo" for hierarchy "Multiciclo:MULT1|ControlMulticiclo:ctrl" File: C:/Users/Evelyn/Downloads/GrupoD8_Lab3/GrupoD8_Lab3/TopDE_restored/Multiciclo.v Line: 60
Warning (10230): Verilog HDL assignment warning at ControlMulticiclo.v(149): truncated value with size 32 to match size of target (1) File: C:/Users/Evelyn/Downloads/GrupoD8_Lab3/GrupoD8_Lab3/TopDE_restored/ControlMulticiclo.v Line: 149
Info (12128): Elaborating entity "ramU" for hierarchy "Multiciclo:MULT1|ramU:MemU" File: C:/Users/Evelyn/Downloads/GrupoD8_Lab3/GrupoD8_Lab3/TopDE_restored/Multiciclo.v Line: 76
Info (12128): Elaborating entity "altsyncram" for hierarchy "Multiciclo:MULT1|ramU:MemU|altsyncram:altsyncram_component" File: C:/Users/Evelyn/Downloads/GrupoD8_Lab3/GrupoD8_Lab3/TopDE_restored/ramU.v Line: 88
Info (12130): Elaborated megafunction instantiation "Multiciclo:MULT1|ramU:MemU|altsyncram:altsyncram_component" File: C:/Users/Evelyn/Downloads/GrupoD8_Lab3/GrupoD8_Lab3/TopDE_restored/ramU.v Line: 88
Info (12133): Instantiated megafunction "Multiciclo:MULT1|ramU:MemU|altsyncram:altsyncram_component" with the following parameter: File: C:/Users/Evelyn/Downloads/GrupoD8_Lab3/GrupoD8_Lab3/TopDE_restored/ramU.v Line: 88
    Info (12134): Parameter "clock_enable_input_a" = "BYPASS"
    Info (12134): Parameter "clock_enable_output_a" = "BYPASS"
    Info (12134): Parameter "init_file" = "../de1_unified.mif"
    Info (12134): Parameter "intended_device_family" = "Cyclone IV E"
    Info (12134): Parameter "lpm_hint" = "ENABLE_RUNTIME_MOD=NO"
    Info (12134): Parameter "lpm_type" = "altsyncram"
    Info (12134): Parameter "numwords_a" = "2048"
    Info (12134): Parameter "operation_mode" = "SINGLE_PORT"
    Info (12134): Parameter "outdata_aclr_a" = "NONE"
    Info (12134): Parameter "outdata_reg_a" = "CLOCK0"
    Info (12134): Parameter "power_up_uninitialized" = "FALSE"
    Info (12134): Parameter "read_during_write_mode_port_a" = "NEW_DATA_NO_NBE_READ"
    Info (12134): Parameter "widthad_a" = "11"
    Info (12134): Parameter "width_a" = "32"
    Info (12134): Parameter "width_byteena_a" = "1"
Info (12021): Found 1 design units, including 1 entities, in source file db/altsyncram_9ri1.tdf
    Info (12023): Found entity 1: altsyncram_9ri1 File: C:/Users/Evelyn/Downloads/GrupoD8_Lab3/GrupoD8_Lab3/TopDE_restored/db/altsyncram_9ri1.tdf Line: 27
Info (12128): Elaborating entity "altsyncram_9ri1" for hierarchy "Multiciclo:MULT1|ramU:MemU|altsyncram:altsyncram_component|altsyncram_9ri1:auto_generated" File: c:/intelfpga_lite/18.1/quartus/libraries/megafunctions/altsyncram.tdf Line: 791
Info (12128): Elaborating entity "ImmGen" for hierarchy "Multiciclo:MULT1|ImmGen:gerador" File: C:/Users/Evelyn/Downloads/GrupoD8_Lab3/GrupoD8_Lab3/TopDE_restored/Multiciclo.v Line: 84
Info (12128): Elaborating entity "Registers" for hierarchy "Multiciclo:MULT1|Registers:banco" File: C:/Users/Evelyn/Downloads/GrupoD8_Lab3/GrupoD8_Lab3/TopDE_restored/Multiciclo.v Line: 98
Info (12128): Elaborating entity "ALUControl" for hierarchy "Multiciclo:MULT1|ALUControl:aluCtrl" File: C:/Users/Evelyn/Downloads/GrupoD8_Lab3/GrupoD8_Lab3/TopDE_restored/Multiciclo.v Line: 105
Info (12128): Elaborating entity "ALU" for hierarchy "Multiciclo:MULT1|ALU:alu" File: C:/Users/Evelyn/Downloads/GrupoD8_Lab3/GrupoD8_Lab3/TopDE_restored/Multiciclo.v Line: 113
Info (13000): Registers with preset signals will power-up high File: C:/Users/Evelyn/Downloads/GrupoD8_Lab3/GrupoD8_Lab3/TopDE_restored/Registers.v Line: 48
Info (13003): DEV_CLRn pin will set, and not reset, register with preset signal due to NOT Gate Push-Back
Info (286030): Timing-Driven Synthesis is running
Info (17049): 4 registers lost all their fanouts during netlist optimizations.
Info (144001): Generated suppressed messages file C:/Users/Evelyn/Downloads/GrupoD8_Lab3/GrupoD8_Lab3/TopDE_restored/output_files/TopDE.map.smsg
Info (16010): Generating hard_block partition "hard_block:auto_generated_inst"
    Info (16011): Adding 0 node(s), including 0 DDIO, 0 PLL, 0 transceiver and 0 LCELL
Info (21057): Implemented 3707 device resources after synthesis - the final resource count might be different
    Info (21058): Implemented 7 input pins
    Info (21059): Implemented 101 output pins
    Info (21061): Implemented 3567 logic cells
    Info (21064): Implemented 32 RAM segments
Info: Quartus Prime Analysis & Synthesis was successful. 0 errors, 4 warnings
    Info: Peak virtual memory: 4857 megabytes
    Info: Processing ended: Sun Jun 22 10:09:24 2025
    Info: Elapsed time: 00:00:13
    Info: Total CPU time (on all processors): 00:00:11


+------------------------------------------+
; Analysis & Synthesis Suppressed Messages ;
+------------------------------------------+
The suppressed messages can be found in C:/Users/Evelyn/Downloads/GrupoD8_Lab3/GrupoD8_Lab3/TopDE_restored/output_files/TopDE.map.smsg.


